<?xml version="1.0" encoding="UTF-8"?>
<!-- Generated by org.testng.reporters.JUnitReportReporter -->
<testsuite hostname="LAPTOP-VARHNTM8" failures="0" tests="3" name="com.mohs10.scripts.HomeTest" time="166.096" errors="0" timestamp="2023-02-13T16:44:52 IST" skipped="0">
  <testcase classname="com.mohs10.scripts.HomeTest" name="firefox" time="62.801"/>
  <system-out/>
  <testcase classname="com.mohs10.scripts.HomeTest" name="edge" time="57.149"/>
  <system-out/>
  <testcase classname="com.mohs10.scripts.HomeTest" name="chrome" time="46.146"/>
  <system-out/>
</testsuite> <!-- com.mohs10.scripts.HomeTest -->
